TN:
SF:src\app.js
FN:16,(anonymous_0)
FN:34,(anonymous_1)
FNF:2
FNH:2
FNDA:3,(anonymous_0)
FNDA:1,(anonymous_1)
DA:1,1
DA:2,1
DA:4,1
DA:5,1
DA:16,1
DA:17,3
DA:19,3
DA:20,1
DA:23,2
DA:30,2
DA:33,1
DA:34,1
DA:35,1
DA:38,1
LF:14
LH:14
BRDA:19,0,0,1
BRDA:19,0,1,2
BRDA:19,1,0,3
BRDA:19,1,1,2
BRF:4
BRH:4
end_of_record
TN:
SF:src\medical-bill.js
FN:12,getBasePrice
FN:24,applyNightEmergency
FN:40,applyMutuelle
FN:55,calculateMedicalBill
FNF:4
FNH:4
FNDA:11,getBasePrice
FNDA:13,applyNightEmergency
FNDA:12,applyMutuelle
FNDA:8,calculateMedicalBill
DA:13,11
DA:25,13
DA:26,4
DA:28,9
DA:29,4
DA:31,5
DA:41,12
DA:42,4
DA:44,8
DA:45,4
DA:47,4
DA:56,8
DA:57,8
DA:58,8
DA:60,8
DA:68,1
LF:16
LH:16
BRDA:13,0,0,5
BRDA:13,0,1,6
BRDA:25,1,0,4
BRDA:25,1,1,9
BRDA:28,2,0,4
BRDA:28,2,1,5
BRDA:41,3,0,4
BRDA:41,3,1,8
BRDA:44,4,0,4
BRDA:44,4,1,4
BRF:10
BRH:10
end_of_record
